TN:
SF:src/app.controller.ts
FN:6,(anonymous_2)
FN:9,(anonymous_3)
FNF:2
FNH:2
FNDA:1,(anonymous_2)
FNDA:1,(anonymous_3)
DA:1,1
DA:2,1
DA:5,1
DA:6,1
DA:9,1
DA:10,1
LF:6
LH:6
BRF:0
BRH:0
end_of_record
TN:
SF:src/app.module.ts
FN:36,(anonymous_2)
FNF:1
FNH:0
FNDA:0,(anonymous_2)
DA:1,0
DA:2,0
DA:3,0
DA:4,0
DA:5,0
DA:6,0
DA:7,0
DA:35,0
DA:36,0
LF:9
LH:0
BRF:0
BRH:0
end_of_record
TN:
SF:src/app.service.ts
FN:5,(anonymous_1)
FNF:1
FNH:1
FNDA:1,(anonymous_1)
DA:1,1
DA:4,1
DA:6,1
LF:3
LH:3
BRF:0
BRH:0
end_of_record
TN:
SF:src/main.ts
FN:5,bootstrap
FNF:1
FNH:0
FNDA:0,bootstrap
DA:1,0
DA:2,0
DA:3,0
DA:6,0
DA:7,0
DA:8,0
DA:9,0
DA:11,0
LF:8
LH:0
BRF:0
BRH:0
end_of_record
TN:
SF:src/cars/cars.controller.ts
FN:22,(anonymous_4)
FN:25,(anonymous_5)
FN:50,(anonymous_6)
FN:59,(anonymous_7)
FN:64,(anonymous_8)
FN:69,(anonymous_9)
FNF:6
FNH:1
FNDA:1,(anonymous_4)
FNDA:0,(anonymous_5)
FNDA:0,(anonymous_6)
FNDA:0,(anonymous_7)
FNDA:0,(anonymous_8)
FNDA:0,(anonymous_9)
DA:1,1
DA:14,1
DA:15,1
DA:16,1
DA:17,1
DA:18,1
DA:21,1
DA:22,1
DA:25,1
DA:26,0
DA:27,0
DA:28,0
DA:29,0
DA:30,0
DA:33,0
DA:34,0
DA:45,0
DA:50,1
DA:51,0
DA:52,0
DA:54,0
DA:59,1
DA:60,0
DA:64,1
DA:65,0
DA:69,1
DA:70,0
LF:27
LH:13
BRDA:28,0,0,0
BRDA:28,1,0,0
BRDA:28,1,1,0
BRF:3
BRH:0
end_of_record
TN:
SF:src/cars/cars.module.ts
FNF:0
FNH:0
DA:1,0
DA:2,0
DA:3,0
DA:4,0
DA:5,0
DA:6,0
DA:13,0
LF:7
LH:0
BRF:0
BRH:0
end_of_record
TN:
SF:src/cars/cars.service.ts
FN:19,(anonymous_4)
FN:23,(anonymous_5)
FN:27,(anonymous_6)
FN:54,(anonymous_7)
FN:81,(anonymous_8)
FN:98,(anonymous_9)
FN:104,(anonymous_10)
FN:108,(anonymous_11)
FN:112,(anonymous_12)
FNF:9
FNH:1
FNDA:2,(anonymous_4)
FNDA:0,(anonymous_5)
FNDA:0,(anonymous_6)
FNDA:0,(anonymous_7)
FNDA:0,(anonymous_8)
FNDA:0,(anonymous_9)
FNDA:0,(anonymous_10)
FNDA:0,(anonymous_11)
FNDA:0,(anonymous_12)
DA:1,2
DA:2,2
DA:3,2
DA:13,2
DA:18,2
DA:20,2
DA:24,0
DA:39,0
DA:54,0
DA:56,0
DA:58,0
DA:59,0
DA:63,0
DA:64,0
DA:66,0
DA:67,0
DA:69,0
DA:70,0
DA:72,0
DA:73,0
DA:76,0
DA:78,0
DA:82,0
DA:97,0
DA:98,0
DA:101,0
DA:105,0
DA:109,0
DA:113,0
LF:29
LH:6
BRDA:58,0,0,0
BRDA:63,1,0,0
BRDA:63,2,0,0
BRDA:63,2,1,0
BRDA:66,3,0,0
BRDA:66,4,0,0
BRDA:66,4,1,0
BRDA:69,5,0,0
BRDA:69,6,0,0
BRDA:69,6,1,0
BRDA:72,7,0,0
BRDA:72,8,0,0
BRDA:72,8,1,0
BRF:13
BRH:0
end_of_record
TN:
SF:src/cars/dto/create-car.dto.ts
FNF:0
FNH:0
DA:1,1
LF:1
LH:1
BRF:0
BRH:0
end_of_record
TN:
SF:src/cars/dto/query-dto.ts
FN:18,(anonymous_2)
FN:19,(anonymous_3)
FN:24,(anonymous_4)
FN:29,(anonymous_5)
FN:34,(anonymous_6)
FN:39,(anonymous_7)
FN:43,(anonymous_8)
FN:47,(anonymous_9)
FN:51,(anonymous_10)
FNF:9
FNH:0
FNDA:0,(anonymous_2)
FNDA:0,(anonymous_3)
FNDA:0,(anonymous_4)
FNDA:0,(anonymous_5)
FNDA:0,(anonymous_6)
FNDA:0,(anonymous_7)
FNDA:0,(anonymous_8)
FNDA:0,(anonymous_9)
FNDA:0,(anonymous_10)
DA:1,1
DA:2,1
DA:9,1
DA:18,1
DA:19,0
DA:22,1
DA:24,0
DA:27,1
DA:29,0
DA:32,1
DA:34,0
DA:37,1
DA:39,0
DA:41,1
DA:43,0
DA:45,1
DA:47,0
DA:49,1
DA:51,0
DA:53,1
LF:20
LH:12
BRF:0
BRH:0
end_of_record
TN:
SF:src/cars/dto/update-car.dto.ts
FNF:0
FNH:0
DA:1,1
DA:2,1
DA:4,1
LF:3
LH:3
BRF:0
BRH:0
end_of_record
TN:
SF:src/cars/entities/car.entity.ts
FN:6,(anonymous_2)
FN:27,(anonymous_3)
FN:30,(anonymous_4)
FN:33,(anonymous_5)
FN:33,(anonymous_6)
FNF:5
FNH:0
FNDA:0,(anonymous_2)
FNDA:0,(anonymous_3)
FNDA:0,(anonymous_4)
FNDA:0,(anonymous_5)
FNDA:0,(anonymous_6)
DA:1,2
DA:2,2
DA:5,2
DA:7,0
DA:8,0
DA:9,0
DA:10,0
DA:13,2
DA:16,2
DA:19,2
DA:22,2
DA:25,2
DA:27,0
DA:28,2
DA:30,0
DA:31,2
DA:33,0
DA:34,2
LF:18
LH:11
BRF:0
BRH:0
end_of_record
TN:
SF:src/cars/entities/reservation.entity.ts
FN:12,(anonymous_2)
FN:35,(anonymous_3)
FN:38,(anonymous_4)
FN:41,(anonymous_5)
FN:41,(anonymous_6)
FNF:5
FNH:0
FNDA:0,(anonymous_2)
FNDA:0,(anonymous_3)
FNDA:0,(anonymous_4)
FNDA:0,(anonymous_5)
FNDA:0,(anonymous_6)
DA:1,2
DA:8,2
DA:11,2
DA:18,0
DA:19,0
DA:20,0
DA:21,0
DA:24,2
DA:27,2
DA:30,2
DA:33,2
DA:35,0
DA:36,2
DA:38,0
DA:39,2
DA:41,0
DA:43,2
LF:17
LH:10
BRF:0
BRH:0
end_of_record
TN:
SF:src/helper/cast.helper.ts
FN:7,toLowerCase
FN:11,trim
FN:15,toDate
FN:19,toBoolean
FN:25,toStringArray
FN:28,(anonymous_5)
FN:32,toNumber
FNF:7
FNH:0
FNDA:0,toLowerCase
FNDA:0,trim
FNDA:0,toDate
FNDA:0,toBoolean
FNDA:0,toStringArray
FNDA:0,(anonymous_5)
FNDA:0,toNumber
DA:7,1
DA:8,0
DA:11,1
DA:12,0
DA:15,1
DA:16,0
DA:19,1
DA:20,0
DA:22,0
DA:25,1
DA:26,0
DA:27,0
DA:28,0
DA:29,0
DA:32,1
DA:33,0
DA:35,0
DA:36,0
DA:39,0
DA:40,0
DA:41,0
DA:44,0
DA:45,0
DA:49,0
LF:24
LH:6
BRDA:22,0,0,0
BRDA:22,0,1,0
BRDA:22,1,0,0
BRDA:22,1,1,0
BRDA:26,2,0,0
BRDA:32,3,0,0
BRDA:33,4,0,0
BRDA:33,4,1,0
BRDA:35,5,0,0
BRDA:39,6,0,0
BRDA:40,7,0,0
BRDA:44,8,0,0
BRF:12
BRH:0
end_of_record
